<?xml version="1.0" encoding="UTF-8"?>
<TestRun id="3b72066e-42cf-46b2-9f14-583c32aec0bf" name="karthik@KARTHIK-PC 2012-06-04 22:35:12" runUser="karthik-PC\karthik" xmlns="http://microsoft.com/schemas/VisualStudio/TeamTest/2010">
  <TestSettings name="Local" id="2b5706e3-69f1-4d1e-95df-a068c9dd7c1d">
    <Description>These are default test settings for a local test run.</Description>
    <Deployment enabled="false" runDeploymentRoot="karthik_KARTHIK-PC 2012-06-04 22_35_12">
      <DeploymentItem filename="D:\WorkGit\SimpleDotImage\SimpleDotImage\bin\Debug\SimpleDotImage.dll" />
    </Deployment>
    <Execution>
      <TestTypeSpecific />
      <AgentRule name="Execution Agents">
      </AgentRule>
    </Execution>
  </TestSettings>
  <Times creation="2012-06-04T22:35:12.7430000-04:00" queuing="2012-06-04T22:35:12.8020000-04:00" start="2012-06-04T22:35:12.8150000-04:00" finish="2012-06-04T22:35:13.7090000-04:00" />
  <ResultSummary outcome="Completed">
    <Counters total="1" executed="1" passed="1" error="0" failed="0" timeout="0" aborted="0" inconclusive="0" passedButRunAborted="0" notRunnable="0" notExecuted="0" disconnected="0" warning="0" completed="0" inProgress="0" pending="0" />
  </ResultSummary>
  <TestDefinitions>
    <UnitTest name="Resize_Test" storage="d:\workgit\simpledotimage\simpledotimagetest\bin\debug\simpledotimagetest.dll" id="b1c6c042-4d2d-ddde-b5c8-3f10d6635534">
      <Execution id="140c2586-643a-405d-aa53-682f9a9d03ff" />
      <TestMethod codeBase="D:/WorkGit/SimpleDotImage/SimpleDotImageTest/bin/Debug/SimpleDotImageTest.DLL" adapterTypeName="Microsoft.VisualStudio.TestTools.TestTypes.Unit.UnitTestAdapter, Microsoft.VisualStudio.QualityTools.Tips.UnitTest.Adapter, Version=10.0.0.0, Culture=neutral, PublicKeyToken=b03f5f7f11d50a3a" className="SimpleDotImageTest.ImageProcessingTest, SimpleDotImageTest, Version=1.0.0.0, Culture=neutral, PublicKeyToken=null" name="Resize_Test" />
    </UnitTest>
  </TestDefinitions>
  <TestLists>
    <TestList name="Results Not in a List" id="8c84fa94-04c1-424b-9868-57a2d4851a1d" />
    <TestList name="All Loaded Results" id="19431567-8539-422a-85d7-44ee4e166bda" />
  </TestLists>
  <TestEntries>
    <TestEntry testId="b1c6c042-4d2d-ddde-b5c8-3f10d6635534" executionId="140c2586-643a-405d-aa53-682f9a9d03ff" testListId="8c84fa94-04c1-424b-9868-57a2d4851a1d" />
  </TestEntries>
  <Results>
    <UnitTestResult executionId="140c2586-643a-405d-aa53-682f9a9d03ff" testId="b1c6c042-4d2d-ddde-b5c8-3f10d6635534" testName="Resize_Test" computerName="KARTHIK-PC" duration="00:00:00.5589790" startTime="2012-06-04T22:35:12.8280000-04:00" endTime="2012-06-04T22:35:13.6820000-04:00" testType="13cdc9d9-ddb5-4fa4-a97d-d965ccfc6d4b" outcome="Passed" testListId="8c84fa94-04c1-424b-9868-57a2d4851a1d" relativeResultsDirectory="140c2586-643a-405d-aa53-682f9a9d03ff">
    </UnitTestResult>
  </Results>
</TestRun>